{
"/Users/ethan.selzer/Code/react-cursor-position/src/ReactCursorPosition.js":{"path":"/Users/ethan.selzer/Code/react-cursor-position/src/ReactCursorPosition.js","s":{"1":1,"2":1,"3":1,"4":1,"5":1,"6":1,"7":2,"8":1,"9":21,"10":2,"11":6,"12":6,"13":1,"14":1,"15":1,"16":6,"17":6,"18":6,"19":6,"20":12,"21":6,"22":6,"23":6,"24":6,"25":6,"26":6,"27":6,"28":6,"29":6,"30":6,"31":6,"32":40,"33":40,"34":17,"35":33,"36":33,"37":40,"38":33,"39":33,"40":33},"b":{"1":[0,2],"2":[2,2],"3":[6,6],"4":[40,20],"5":[17,23]},"f":{"1":2,"2":21,"3":2,"4":6,"5":6,"6":1,"7":6,"8":12,"9":6,"10":6,"11":6,"12":40,"13":40,"14":17,"15":33,"16":40,"17":33},"fnMap":{"1":{"name":"_interopRequireDefault","line":15,"loc":{"start":{"line":0,"column":0},"end":{"line":0,"column":0},"skip":true},"skip":true},"2":{"name":"getInitialState","line":21,"loc":{"start":{"line":8,"column":33},"end":{"line":12,"column":22}}},"3":{"name":"getDefaultProps","line":43,"loc":{"start":{"line":8,"column":33},"end":{"line":33,"column":22}}},"4":{"name":"onCursorPositionChanged","line":45,"loc":{"start":{"line":35,"column":37},"end":{"line":35,"column":43}}},"5":{"name":"onMouseEnter","line":49,"loc":{"start":{"line":8,"column":33},"end":{"line":40,"column":20}}},"6":{"name":"onMouseLeave","line":53,"loc":{"start":{"line":8,"column":33},"end":{"line":45,"column":19}}},"7":{"name":"getDocumentRelativeElementOffset","line":60,"loc":{"start":{"line":8,"column":33},"end":{"line":57,"column":41}}},"8":{"name":"getRootOfEl","line":76,"loc":{"start":{"line":8,"column":33},"end":{"line":75,"column":20}}},"9":{"name":"onMouseMove","line":82,"loc":{"start":{"line":8,"column":33},"end":{"line":82,"column":19}}},"10":{"name":"getDocumentRelativeCursorPosition","line":90,"loc":{"start":{"line":8,"column":33},"end":{"line":94,"column":45}}},"11":{"name":"getOffsetCursorPosition","line":96,"loc":{"start":{"line":8,"column":33},"end":{"line":101,"column":75}}},"12":{"name":"isReactComponent","line":108,"loc":{"start":{"line":8,"column":33},"end":{"line":111,"column":35}}},"13":{"name":"shouldDecorateChild","line":111,"loc":{"start":{"line":8,"column":33},"end":{"line":115,"column":31}}},"14":{"name":"decorateChild","line":114,"loc":{"start":{"line":8,"column":33},"end":{"line":119,"column":32}}},"15":{"name":"renderChildrenWithProps","line":117,"loc":{"start":{"line":8,"column":33},"end":{"line":123,"column":45}}},"16":{"name":"(anonymous_16)","line":120,"loc":{"start":{"line":124,"column":38},"end":{"line":124,"column":49}}},"17":{"name":"render","line":124,"loc":{"start":{"line":8,"column":33},"end":{"line":129,"column":13}}}},"statementMap":{"1":{"start":{"line":0,"column":0},"end":{"line":0,"column":0},"skip":true},"2":{"start":{"line":1,"column":-15},"end":{"line":1,"column":-15}},"3":{"start":{"line":0,"column":0},"end":{"line":0,"column":0},"skip":true},"4":{"start":{"line":6,"column":0},"end":{"line":6,"column":0}},"5":{"start":{"line":0,"column":0},"end":{"line":0,"column":0},"skip":true},"6":{"start":{"line":0,"column":0},"end":{"line":0,"column":0},"skip":true},"7":{"start":{"line":0,"column":0},"end":{"line":0,"column":0},"skip":true},"8":{"start":{"line":0,"column":0},"end":{"line":0,"column":0},"skip":true},"9":{"start":{"line":13,"column":8},"end":{"line":13,"column":8}},"10":{"start":{"line":34,"column":8},"end":{"line":34,"column":8}},"11":{"start":{"line":41,"column":8},"end":{"line":41,"column":8}},"12":{"start":{"line":42,"column":8},"end":{"line":42,"column":8}},"13":{"start":{"line":46,"column":8},"end":{"line":46,"column":8}},"14":{"start":{"line":51,"column":8},"end":{"line":51,"column":8}},"15":{"start":{"line":54,"column":8},"end":{"line":54,"column":8}},"16":{"start":{"line":58,"column":8},"end":{"line":58,"column":8}},"17":{"start":{"line":57,"column":41},"end":{"line":57,"column":41}},"18":{"start":{"line":57,"column":41},"end":{"line":57,"column":41}},"19":{"start":{"line":69,"column":8},"end":{"line":69,"column":8}},"20":{"start":{"line":76,"column":8},"end":{"line":78,"column":9}},"21":{"start":{"line":77,"column":12},"end":{"line":77,"column":12}},"22":{"start":{"line":79,"column":8},"end":{"line":79,"column":8}},"23":{"start":{"line":83,"column":8},"end":{"line":83,"column":8}},"24":{"start":{"line":84,"column":8},"end":{"line":84,"column":8}},"25":{"start":{"line":85,"column":8},"end":{"line":85,"column":8}},"26":{"start":{"line":90,"column":8},"end":{"line":90,"column":8}},"27":{"start":{"line":91,"column":8},"end":{"line":91,"column":8}},"28":{"start":{"line":95,"column":8},"end":{"line":95,"column":8}},"29":{"start":{"line":101,"column":75},"end":{"line":101,"column":75}},"30":{"start":{"line":101,"column":75},"end":{"line":101,"column":75}},"31":{"start":{"line":105,"column":8},"end":{"line":105,"column":8}},"32":{"start":{"line":112,"column":8},"end":{"line":112,"column":8}},"33":{"start":{"line":116,"column":8},"end":{"line":116,"column":8}},"34":{"start":{"line":120,"column":8},"end":{"line":120,"column":8}},"35":{"start":{"line":123,"column":45},"end":{"line":123,"column":45}},"36":{"start":{"line":124,"column":8},"end":{"line":124,"column":8}},"37":{"start":{"line":125,"column":12},"end":{"line":125,"column":12}},"38":{"start":{"line":129,"column":13},"end":{"line":129,"column":13}},"39":{"start":{"line":131,"column":8},"end":{"line":131,"column":8}},"40":{"start":{"line":143,"column":8},"end":{"line":143,"column":8}}},"branchMap":{"1":{"line":15,"type":"cond-expr","locations":[{"start":{"line":0,"column":0},"end":{"line":0,"column":0},"skip":true},{"start":{"line":0,"column":0},"end":{"line":0,"column":0},"skip":true}]},"2":{"line":15,"type":"binary-expr","locations":[{"start":{"line":0,"column":0},"end":{"line":0,"column":0},"skip":true},{"start":{"line":0,"column":0},"end":{"line":0,"column":0},"skip":true}]},"3":{"line":77,"type":"if","locations":[{"start":{"line":76,"column":8},"end":{"line":76,"column":8}},{"start":{"line":76,"column":8},"end":{"line":76,"column":8}}]},"4":{"line":112,"type":"binary-expr","locations":[{"start":{"line":116,"column":15},"end":{"line":116,"column":15}},{"start":{"line":116,"column":47},"end":{"line":116,"column":8}}]},"5":{"line":121,"type":"cond-expr","locations":[{"start":{"line":125,"column":53},"end":{"line":125,"column":19}},{"start":{"line":125,"column":88},"end":{"line":125,"column":12}}]}},"l":{"0":2,"1":1,"6":1,"13":21,"34":2,"41":6,"42":6,"46":1,"51":1,"54":1,"57":6,"58":6,"69":6,"76":12,"77":6,"79":6,"83":6,"84":6,"85":6,"90":6,"91":6,"95":6,"101":6,"105":6,"112":40,"116":40,"120":17,"123":33,"124":33,"125":40,"129":33,"131":33,"143":33}}}
