TN:
SF:/Users/ethan.selzer/Code/react-cursor-position/src/ReactCursorPosition.js
FN:15,_interopRequireDefault
FN:21,getInitialState
FN:43,getDefaultProps
FN:45,onCursorPositionChanged
FN:49,onMouseEnter
FN:53,onMouseLeave
FN:60,getDocumentRelativeElementOffset
FN:76,getRootOfEl
FN:82,onMouseMove
FN:90,getDocumentRelativeCursorPosition
FN:96,getOffsetCursorPosition
FN:108,isReactComponent
FN:111,shouldDecorateChild
FN:114,decorateChild
FN:117,renderChildrenWithProps
FN:120,(anonymous_16)
FN:124,render
FNF:17
FNH:17
FNDA:2,_interopRequireDefault
FNDA:21,getInitialState
FNDA:2,getDefaultProps
FNDA:6,onCursorPositionChanged
FNDA:6,onMouseEnter
FNDA:1,onMouseLeave
FNDA:6,getDocumentRelativeElementOffset
FNDA:12,getRootOfEl
FNDA:6,onMouseMove
FNDA:6,getDocumentRelativeCursorPosition
FNDA:6,getOffsetCursorPosition
FNDA:40,isReactComponent
FNDA:40,shouldDecorateChild
FNDA:17,decorateChild
FNDA:33,renderChildrenWithProps
FNDA:40,(anonymous_16)
FNDA:33,render
DA:0,2
DA:1,1
DA:6,1
DA:13,21
DA:34,2
DA:41,6
DA:42,6
DA:46,1
DA:51,1
DA:54,1
DA:57,6
DA:58,6
DA:69,6
DA:76,12
DA:77,6
DA:79,6
DA:83,6
DA:84,6
DA:85,6
DA:90,6
DA:91,6
DA:95,6
DA:101,6
DA:105,6
DA:112,40
DA:116,40
DA:120,17
DA:123,33
DA:124,33
DA:125,40
DA:129,33
DA:131,33
DA:143,33
LF:33
LH:33
BRDA:15,1,0,0
BRDA:15,1,1,2
BRDA:15,2,0,2
BRDA:15,2,1,2
BRDA:77,3,0,6
BRDA:77,3,1,6
BRDA:112,4,0,40
BRDA:112,4,1,20
BRDA:121,5,0,17
BRDA:121,5,1,23
BRF:10
BRH:10
end_of_record
